    1  mkdir Assignment1
    2  cd Assignment1/
    3  echo $SHELL
    4  echo $HOME
    5  id -u jonathanf23
    6  groups
    7  mkdir myDir
    8  chmod u-w myDir/
    9  cd myDir/
   10  ls
   11  ls -l
   12  touch test.txt
   13  cd ..
   14  mkdir myDir2
   15  mkdir myDir3
   16  cd myDir2/
   17  touch myFile.txt
   18  mv myFile.txt ../myDir3/
   19  cd ..
   20  cd myDir3/
   21  ls
   22  cd ..
   23  free -m
   24  cat /etc/os-release 
   25  ls -l /etc/os-release 
   26  history > cmds.log
